生成启动时间为 2017/6/12 16:13:44。
     1>项目“H:\研究生\徐晓庆资料\20150611-Windows_Wireless\DLL_Call\ElecCall\ElecCall.vcxproj”在节点 2 上(Build 个目标)。
     1>ClCompile:
         D:\Microsoft Visual Studio 12.0\VC\bin\x86_amd64\CL.exe /c /Zi /nologo /W3 /WX- /Od /D WIN32 /D _DEBUG /D _CONSOLE /D _VC80_UPGRADE=0x0600 /D _MBCS /Gm- /EHsc /RTC1 /MTd /GS /Gy- /fp:precise /Zc:wchar_t /Zc:forScope /Yu"stdafx.h" /Fp".\Debug\ElecCall.pch" /Fo".\Debug\\" /Fd".\Debug\vc120.pdb" /Gd /TP /errorReport:prompt ElecCall.cpp
         ElecCall.cpp
     1>ElecCall.cpp(35): warning C4996: 'fopen': This function or variable may be unsafe. Consider using fopen_s instead. To disable deprecation, use _CRT_SECURE_NO_WARNINGS. See online help for details.
                 D:\Microsoft Visual Studio 12.0\VC\include\stdio.h(211) : 参见“fopen”的声明
     1>ElecCall.cpp(44): warning C4996: 'fscanf': This function or variable may be unsafe. Consider using fscanf_s instead. To disable deprecation, use _CRT_SECURE_NO_WARNINGS. See online help for details.
                 D:\Microsoft Visual Studio 12.0\VC\include\stdio.h(230) : 参见“fscanf”的声明
     1>ElecCall.cpp(67): warning C4996: 'fscanf': This function or variable may be unsafe. Consider using fscanf_s instead. To disable deprecation, use _CRT_SECURE_NO_WARNINGS. See online help for details.
                 D:\Microsoft Visual Studio 12.0\VC\include\stdio.h(230) : 参见“fscanf”的声明
     1>ElecCall.cpp(211): warning C4244: “=”: 从“double”转换到“int”，可能丢失数据
     1>ElecCall.cpp(212): warning C4244: “=”: 从“double”转换到“int”，可能丢失数据
     1>ElecCall.cpp(164): warning C4101: “lined”: 未引用的局部变量
       Link:
         D:\Microsoft Visual Studio 12.0\VC\bin\x86_amd64\link.exe /ERRORREPORT:PROMPT /OUT:"H:\研究生\徐晓庆资料\20150611-Windows_Wireless\DLL_Call\ElecCall\x64\Debug\ElecCall.exe" /INCREMENTAL /NOLOGO odbc32.lib odbccp32.lib kernel32.lib user32.lib gdi32.lib winspool.lib comdlg32.lib advapi32.lib shell32.lib ole32.lib oleaut32.lib uuid.lib odbc32.lib odbccp32.lib /MANIFEST /MANIFESTUAC:"level='asInvoker' uiAccess='false'" /manifest:embed /DEBUG /PDB:"H:\研究生\徐晓庆资料\20150611-Windows_Wireless\DLL_Call\ElecCall\x64\Debug\ElecCall.pdb" /SUBSYSTEM:CONSOLE /TLBID:1 /DYNAMICBASE /NXCOMPAT /IMPLIB:"H:\研究生\徐晓庆资料\20150611-Windows_Wireless\DLL_Call\ElecCall\x64\Debug\ElecCall.lib" /MACHINE:X64 .\Debug\ElecCall.obj
         .\Debug\StdAfx.obj
         ElecCall.vcxproj -> H:\研究生\徐晓庆资料\20150611-Windows_Wireless\DLL_Call\ElecCall\x64\Debug\ElecCall.exe
     1>已完成生成项目“H:\研究生\徐晓庆资料\20150611-Windows_Wireless\DLL_Call\ElecCall\ElecCall.vcxproj”(Build 个目标)的操作。

生成成功。

已用时间 00:00:02.04
